<?xml version="1.0" encoding="UTF-8"?>
<!-- Generated by org.testng.reporters.JUnitReportReporter -->
<testsuite hostname="WKMIN4122399" name="com.fab.onboarding.testcases.PersonalDetails_Test" tests="1" failures="0" timestamp="1 Apr 2019 19:29:53 GMT" time="16.022" errors="0">
  <testcase name="validateHomeScreenTest" time="16.022" classname="com.fab.onboarding.testcases.PersonalDetails_Test"/>
</testsuite> <!-- com.fab.onboarding.testcases.PersonalDetails_Test -->
