<?xml version="1.0" encoding="UTF-8"?>
<!-- Generated by org.testng.reporters.JUnitReportReporter -->
<testsuite hostname="WKMIN4122399" name="com.fab.onboarding.utils.Appium_Server" tests="1" failures="0" timestamp="31 Mar 2019 14:46:32 GMT" time="13.408" errors="0">
  <testcase name="start" time="13.408" classname="com.fab.onboarding.utils.Appium_Server"/>
</testsuite> <!-- com.fab.onboarding.utils.Appium_Server -->
