<?xml version="1.0" encoding="UTF-8"?>
<!-- Generated by org.testng.reporters.JUnitReportReporter -->
<testsuite hostname="WKMIN4122399" name="Main_Runner.Fab_runner" tests="1" failures="0" timestamp="4 Apr 2019 20:00:32 GMT" time="42.350" errors="0">
  <testcase name="feature" time="42.350" classname="Main_Runner.Fab_runner"/>
</testsuite> <!-- Main_Runner.Fab_runner -->
